<?xml version="1.0" encoding="UTF-8"?>
<!-- Generated by org.testng.reporters.JUnitXMLReporter -->
<testsuite ignored="0" hostname="E1DV558" failures="2" tests="6" name="Creation" time="300.285" errors="0" timestamp="2025-10-09T17:00:35 IST">
  <testcase classname="AutomatedScriptOfJaleh01AsPOM.TC_CreateRecipe" name="Test_createRecipe" time="65.729">
    <failure type="java.lang.AssertionError" message="❌ Failed to select product description &amp;apos;Long Life Full Cream Milk - Superior Foods Darwin NT - 85590&amp;apos;: Expected condition failed: waiting for element to be clickable: By.xpath: //li[contains(@class,&amp;apos;select2-results__option&amp;apos;)]//span[contains(text(),&amp;apos;Long Life Full Cream Milk - Superior Foods Darwin NT - 85590&amp;apos;)] (tried for 10 second(s) with 500 milliseconds interval)
Build info: version: &amp;apos;4.32.0&amp;apos;, revision: &amp;apos;d17c8aa950&amp;apos;
System info: os.name: &amp;apos;Windows 11&amp;apos;, os.arch: &amp;apos;amd64&amp;apos;, os.version: &amp;apos;10.0&amp;apos;, java.version: &amp;apos;21.0.6&amp;apos;
Driver info: org.openqa.selenium.chrome.ChromeDriver
Capabilities {acceptInsecureCerts: false, browserName: chrome, browserVersion: 140.0.7339.185, chrome: {chromedriverVersion: 140.0.7339.207 (17230b545fd..., userDataDir: C:\Users\PRADEE~1.GAR\AppDa...}, fedcm:accounts: true, goog:chromeOptions: {debuggerAddress: localhost:51141}, networkConnectionEnabled: false, pageLoadStrategy: normal, platformName: windows, proxy: Proxy(), se:cdp: ws://localhost:51141/devtoo..., se:cdpVersion: 140.0.7339.185, setWindowRect: true, strictFileInteractability: false, timeouts: {implicit: 0, pageLoad: 300000, script: 30000}, unhandledPromptBehavior: dismiss and notify, webauthn:extension:credBlob: true, webauthn:extension:largeBlob: true, webauthn:extension:minPinLength: true, webauthn:extension:prf: true, webauthn:virtualAuthenticators: true}
Session ID: 2b563dff927bf43707cc81f6d4d51556">
      <![CDATA[java.lang.AssertionError: ❌ Failed to select product description 'Long Life Full Cream Milk - Superior Foods Darwin NT - 85590': Expected condition failed: waiting for element to be clickable: By.xpath: //li[contains(@class,'select2-results__option')]//span[contains(text(),'Long Life Full Cream Milk - Superior Foods Darwin NT - 85590')] (tried for 10 second(s) with 500 milliseconds interval)
Build info: version: '4.32.0', revision: 'd17c8aa950'
System info: os.name: 'Windows 11', os.arch: 'amd64', os.version: '10.0', java.version: '21.0.6'
Driver info: org.openqa.selenium.chrome.ChromeDriver
Capabilities {acceptInsecureCerts: false, browserName: chrome, browserVersion: 140.0.7339.185, chrome: {chromedriverVersion: 140.0.7339.207 (17230b545fd..., userDataDir: C:\Users\PRADEE~1.GAR\AppDa...}, fedcm:accounts: true, goog:chromeOptions: {debuggerAddress: localhost:51141}, networkConnectionEnabled: false, pageLoadStrategy: normal, platformName: windows, proxy: Proxy(), se:cdp: ws://localhost:51141/devtoo..., se:cdpVersion: 140.0.7339.185, setWindowRect: true, strictFileInteractability: false, timeouts: {implicit: 0, pageLoad: 300000, script: 30000}, unhandledPromptBehavior: dismiss and notify, webauthn:extension:credBlob: true, webauthn:extension:largeBlob: true, webauthn:extension:minPinLength: true, webauthn:extension:prf: true, webauthn:virtualAuthenticators: true}
Session ID: 2b563dff927bf43707cc81f6d4d51556
at AutomatedScriptOfJaleh01AsPOM.TC_CreateRecipe.selectProductDescription(TC_CreateRecipe.java:372)
at AutomatedScriptOfJaleh01AsPOM.TC_CreateRecipe.createRecipe(TC_CreateRecipe.java:149)
at AutomatedScriptOfJaleh01AsPOM.TC_CreateRecipe.Test_createRecipe(TC_CreateRecipe.java:76)
at java.base/java.util.ArrayList.forEach(ArrayList.java:1596)
... Removed 25 stack frames]]>
    </failure>
  </testcase> <!-- Test_createRecipe -->
  <testcase classname="AutomatedScriptOfJaleh01AsPOM.TC_DownloadAllRecipe" name="Test_TemplateMenu" time="0.0">
    <failure type="java.lang.RuntimeException" message="java.lang.NullPointerException: Cannot invoke &amp;quot;org.apache.poi.xssf.usermodel.XSSFSheet.getRow(int)&amp;quot; because &amp;quot;sheet&amp;quot; is null">
      <![CDATA[java.lang.RuntimeException: java.lang.NullPointerException: Cannot invoke "org.apache.poi.xssf.usermodel.XSSFSheet.getRow(int)" because "sheet" is null
at java.base/java.util.ArrayList.forEach(ArrayList.java:1596)
Caused by: java.lang.NullPointerException: Cannot invoke "org.apache.poi.xssf.usermodel.XSSFSheet.getRow(int)" because "sheet" is null
at AutomatedScriptOfJaleh01AsPOM.BaseTest2.readData(BaseTest2.java:116)
at AutomatedScriptOfJaleh01AsPOM.TC_DownloadAllRecipe.recipeDataProvider(TC_DownloadAllRecipe.java:24)
... 25 more
... Removed 30 stack frames]]>
    </failure>
  </testcase> <!-- Test_TemplateMenu -->
  <testcase classname="AutomatedScriptOfJaleh01AsPOM.TC_CreateTemplateMenu" name="Test_TemplateMenu" time="80.672"/>
  <testcase classname="AutomatedScriptOfJaleh01AsPOM.TC_ReportsTemplateMenu" name="Test_TemplateMenu" time="32.535"/>
  <testcase classname="AutomatedScriptOfJaleh01AsPOM.TC_CreateProductionMenu" name="Test_ProductionMenu" time="73.725"/>
  <testcase classname="AutomatedScriptOfJaleh01AsPOM.TC_ReportsProductionMenu" name="Test_TemplateMenu" time="30.971"/>
</testsuite> <!-- Creation -->
