<?xml version="1.0" encoding="UTF-8"?>
<!-- Generated by org.testng.reporters.JUnitReportReporter -->
<testsuite hostname="E1DV558" failures="0" tests="4" name="AutomatedScriptOfJaleh01AsPOM.TC001_CreateRecipe_D2" time="327.443" errors="1" timestamp="2025-09-22T10:57:23 IST" skipped="0">
  <testcase classname="AutomatedScriptOfJaleh01AsPOM.TC001_CreateRecipe_D2" name="Test_createRecipe" time="86.072"/>
  <testcase classname="AutomatedScriptOfJaleh01AsPOM.TC001_CreateRecipe_D2" name="Test_createRecipe" time="81.629"/>
  <testcase classname="AutomatedScriptOfJaleh01AsPOM.TC001_CreateRecipe_D2" name="Test_createRecipe" time="95.275">
    <error message="element click intercepted: Element &lt;i class=&quot;nav-icon fas fa-bowl-rice&quot;&gt;&lt;/i&gt; is not clickable at point (37, 150). Other element would receive the click: &lt;div class=&quot;preloader flex-column justify-content-center align-items-center&quot;&gt;...&lt;/div&gt;
  (Session info: chrome=139.0.7258.155)
Build info: version: &#039;4.32.0&#039;, revision: &#039;d17c8aa950&#039;
System info: os.name: &#039;Windows 11&#039;, os.arch: &#039;amd64&#039;, os.version: &#039;10.0&#039;, java.version: &#039;21.0.6&#039;
Driver info: org.openqa.selenium.chrome.ChromeDriver
Command: [3fd1bb0b8a994e64bfc17b53c5e5759f, clickElement {id=f.1D8374DC0BA2A057A7DFB03700B3439A.d.9EBDF048DED72E6EA5CA87B7643E07CF.e.727}]
Capabilities {acceptInsecureCerts: false, browserName: chrome, browserVersion: 139.0.7258.155, chrome: {chromedriverVersion: 139.0.7258.154 (9e0d6b2b47f..., userDataDir: C:\Users\PRADEE~1.GAR\AppDa...}, fedcm:accounts: true, goog:chromeOptions: {debuggerAddress: localhost:63023}, networkConnectionEnabled: false, pageLoadStrategy: normal, platformName: windows, proxy: Proxy(), se:cdp: ws://localhost:63023/devtoo..., se:cdpVersion: 139.0.7258.155, setWindowRect: true, strictFileInteractability: false, timeouts: {implicit: 0, pageLoad: 300000, script: 30000}, unhandledPromptBehavior: dismiss and notify, webauthn:extension:credBlob: true, webauthn:extension:largeBlob: true, webauthn:extension:minPinLength: true, webauthn:extension:prf: true, webauthn:virtualAuthenticators: true}
Element: [[ChromeDriver: chrome on windows (3fd1bb0b8a994e64bfc17b53c5e5759f)] -&gt; xpath: (//i[@class=&#039;nav-icon fas fa-bowl-rice&#039;])[1]]
Session ID: 3fd1bb0b8a994e64bfc17b53c5e5759f" type="org.openqa.selenium.ElementClickInterceptedException">
      <![CDATA[org.openqa.selenium.ElementClickInterceptedException: element click intercepted: Element <i class="nav-icon fas fa-bowl-rice"></i> is not clickable at point (37, 150). Other element would receive the click: <div class="preloader flex-column justify-content-center align-items-center">...</div>
  (Session info: chrome=139.0.7258.155)
Build info: version: '4.32.0', revision: 'd17c8aa950'
System info: os.name: 'Windows 11', os.arch: 'amd64', os.version: '10.0', java.version: '21.0.6'
Driver info: org.openqa.selenium.chrome.ChromeDriver
Command: [3fd1bb0b8a994e64bfc17b53c5e5759f, clickElement {id=f.1D8374DC0BA2A057A7DFB03700B3439A.d.9EBDF048DED72E6EA5CA87B7643E07CF.e.727}]
Capabilities {acceptInsecureCerts: false, browserName: chrome, browserVersion: 139.0.7258.155, chrome: {chromedriverVersion: 139.0.7258.154 (9e0d6b2b47f..., userDataDir: C:\Users\PRADEE~1.GAR\AppDa...}, fedcm:accounts: true, goog:chromeOptions: {debuggerAddress: localhost:63023}, networkConnectionEnabled: false, pageLoadStrategy: normal, platformName: windows, proxy: Proxy(), se:cdp: ws://localhost:63023/devtoo..., se:cdpVersion: 139.0.7258.155, setWindowRect: true, strictFileInteractability: false, timeouts: {implicit: 0, pageLoad: 300000, script: 30000}, unhandledPromptBehavior: dismiss and notify, webauthn:extension:credBlob: true, webauthn:extension:largeBlob: true, webauthn:extension:minPinLength: true, webauthn:extension:prf: true, webauthn:virtualAuthenticators: true}
Element: [[ChromeDriver: chrome on windows (3fd1bb0b8a994e64bfc17b53c5e5759f)] -> xpath: (//i[@class='nav-icon fas fa-bowl-rice'])[1]]
Session ID: 3fd1bb0b8a994e64bfc17b53c5e5759f
at java.base/jdk.internal.reflect.DirectConstructorHandleAccessor.newInstance(DirectConstructorHandleAccessor.java:62)
at java.base/java.lang.reflect.Constructor.newInstanceWithCaller(Constructor.java:502)
at java.base/java.lang.reflect.Constructor.newInstance(Constructor.java:486)
at org.openqa.selenium.remote.ErrorCodec.decode(ErrorCodec.java:167)
at org.openqa.selenium.remote.codec.w3c.W3CHttpResponseCodec.decode(W3CHttpResponseCodec.java:138)
at org.openqa.selenium.remote.codec.w3c.W3CHttpResponseCodec.decode(W3CHttpResponseCodec.java:50)
at org.openqa.selenium.remote.HttpCommandExecutor.execute(HttpCommandExecutor.java:215)
at org.openqa.selenium.remote.service.DriverCommandExecutor.invokeExecute(DriverCommandExecutor.java:216)
at org.openqa.selenium.remote.service.DriverCommandExecutor.execute(DriverCommandExecutor.java:174)
at org.openqa.selenium.remote.RemoteWebDriver.execute(RemoteWebDriver.java:545)
at org.openqa.selenium.remote.RemoteWebElement.execute(RemoteWebElement.java:223)
at org.openqa.selenium.remote.RemoteWebElement.click(RemoteWebElement.java:76)
at AutomatedScriptOfJaleh01AsPOM.BaseTest2.clickRecipeMain(BaseTest2.java:83)
at AutomatedScriptOfJaleh01AsPOM.TC001_CreateRecipe_D2.createRecipe(TC001_CreateRecipe_D2.java:98)
at AutomatedScriptOfJaleh01AsPOM.TC001_CreateRecipe_D2.Test_createRecipe(TC001_CreateRecipe_D2.java:71)
at java.base/jdk.internal.reflect.DirectMethodHandleAccessor.invoke(DirectMethodHandleAccessor.java:103)
at java.base/java.lang.reflect.Method.invoke(Method.java:580)
at org.testng.internal.invokers.MethodInvocationHelper.invokeMethod(MethodInvocationHelper.java:141)
at org.testng.internal.invokers.TestInvoker.invokeMethod(TestInvoker.java:687)
at org.testng.internal.invokers.TestInvoker.invokeTestMethod(TestInvoker.java:230)
at org.testng.internal.invokers.MethodRunner.runInSequence(MethodRunner.java:63)
at org.testng.internal.invokers.TestInvoker$MethodInvocationAgent.invoke(TestInvoker.java:995)
at org.testng.internal.invokers.TestInvoker.invokeTestMethods(TestInvoker.java:203)
at org.testng.internal.invokers.TestMethodWorker.invokeTestMethods(TestMethodWorker.java:154)
at org.testng.internal.invokers.TestMethodWorker.run(TestMethodWorker.java:134)
at java.base/java.util.ArrayList.forEach(ArrayList.java:1596)
at org.testng.TestRunner.privateRun(TestRunner.java:741)
at org.testng.TestRunner.run(TestRunner.java:616)
at org.testng.SuiteRunner.runTest(SuiteRunner.java:421)
at org.testng.SuiteRunner.runSequentially(SuiteRunner.java:413)
at org.testng.SuiteRunner.privateRun(SuiteRunner.java:373)
at org.testng.SuiteRunner.run(SuiteRunner.java:312)
at org.testng.SuiteRunnerWorker.runSuite(SuiteRunnerWorker.java:52)
at org.testng.SuiteRunnerWorker.run(SuiteRunnerWorker.java:95)
at org.testng.TestNG.runSuitesSequentially(TestNG.java:1274)
at org.testng.TestNG.runSuitesLocally(TestNG.java:1208)
at org.testng.TestNG.runSuites(TestNG.java:1112)
at org.testng.TestNG.run(TestNG.java:1079)
at org.testng.remote.AbstractRemoteTestNG.run(AbstractRemoteTestNG.java:115)
at org.testng.remote.RemoteTestNG.initAndRun(RemoteTestNG.java:293)
at org.testng.remote.RemoteTestNG.main(RemoteTestNG.java:91)
]]>
    </error>
  </testcase> <!-- Test_createRecipe -->
  <testcase classname="AutomatedScriptOfJaleh01AsPOM.TC001_CreateRecipe_D2" name="Test_createRecipe" time="64.467"/>
</testsuite> <!-- AutomatedScriptOfJaleh01AsPOM.TC001_CreateRecipe_D2 -->
